0 info it worked if it ends with ok
1 verbose cli [ 'C:\\Program Files\\nodejs\\node.exe',
1 verbose cli   'C:\\Users\\teggn\\AppData\\Roaming\\npm\\node_modules\\npm\\bin\\npm-cli.js',
1 verbose cli   'install',
1 verbose cli   'jquery@1.5.2' ]
2 info using npm@3.7.1
3 info using node@v5.1.0
4 silly loadCurrentTree Starting
5 silly install loadCurrentTree
6 silly install readLocalPackageData
7 silly fetchPackageMetaData jquery@1.5.2
8 silly fetchNamedPackageData jquery
9 silly mapToRegistry name jquery
10 silly mapToRegistry using default registry
11 silly mapToRegistry registry https://registry.npmjs.org/
12 silly mapToRegistry uri https://registry.npmjs.org/jquery
13 verbose request uri https://registry.npmjs.org/jquery
14 verbose request no auth needed
15 info attempt registry request try #1 at 16:48:46
16 verbose request using bearer token for auth
17 verbose request id e0fda1fe9210dc9c
18 verbose etag "CTAC630CTZEDA2E91FIBYU9U9"
19 http request GET https://registry.npmjs.org/jquery
20 http 200 https://registry.npmjs.org/jquery
21 verbose headers { server: 'CouchDB/1.5.0 (Erlang OTP/R16B03)',
21 verbose headers   etag: '"7MTBQVA18O59QYMQM9TY3F3AT"',
21 verbose headers   'content-type': 'application/json',
21 verbose headers   'cache-control': 'max-age=300',
21 verbose headers   'content-length': '57984',
21 verbose headers   'accept-ranges': 'bytes',
21 verbose headers   date: 'Mon, 29 Feb 2016 15:48:54 GMT',
21 verbose headers   via: '1.1 varnish',
21 verbose headers   connection: 'keep-alive',
21 verbose headers   'x-served-by': 'cache-lcy1121-LCY',
21 verbose headers   'x-cache': 'MISS',
21 verbose headers   'x-cache-hits': '0',
21 verbose headers   'x-timer': 'S1456760933.902279,VS0,VE190',
21 verbose headers   vary: 'Accept' }
22 silly get cb [ 200,
22 silly get   { server: 'CouchDB/1.5.0 (Erlang OTP/R16B03)',
22 silly get     etag: '"7MTBQVA18O59QYMQM9TY3F3AT"',
22 silly get     'content-type': 'application/json',
22 silly get     'cache-control': 'max-age=300',
22 silly get     'content-length': '57984',
22 silly get     'accept-ranges': 'bytes',
22 silly get     date: 'Mon, 29 Feb 2016 15:48:54 GMT',
22 silly get     via: '1.1 varnish',
22 silly get     connection: 'keep-alive',
22 silly get     'x-served-by': 'cache-lcy1121-LCY',
22 silly get     'x-cache': 'MISS',
22 silly get     'x-cache-hits': '0',
22 silly get     'x-timer': 'S1456760933.902279,VS0,VE190',
22 silly get     vary: 'Accept' } ]
23 verbose get saving jquery to C:\Users\teggn\AppData\Roaming\npm-cache\registry.npmjs.org\jquery\.cache.json
24 verbose correctMkdir C:\Users\teggn\AppData\Roaming\npm-cache correctMkdir not in flight; initializing
25 silly fetchPackageMetaData Error: No compatible version found: jquery@1.5.2
25 silly fetchPackageMetaData Valid install targets:
25 silly fetchPackageMetaData 3.0.0-beta1, 3.0.0-alpha1, 2.2.1, 2.2.0, 2.1.4, 2.1.3, 2.1.2, 2.1.1, 2.1.1-rc2, 2.1.1-rc1, 2.1.1-beta1, 2.1.0, 2.1.0-rc1, 2.1.0-beta3, 2.1.0-beta2, 1.12.1, 1.12.0, 1.11.3, 1.11.2, 1.11.1, 1.11.1-rc2, 1.11.1-rc1, 1.11.1-beta1, 1.11.0, 1.11.0-rc1, 1.11.0-beta3, 1.9.1, 1.8.3, 1.8.2, 1.7.3, 1.7.2, 1.6.3, 1.6.2, 1.5.1
25 silly fetchPackageMetaData
25 silly fetchPackageMetaData     at pickVersionFromRegistryDocument (C:\Users\teggn\AppData\Roaming\npm\node_modules\npm\lib\fetch-package-metadata.js:156:16)
25 silly fetchPackageMetaData     at C:\Users\teggn\AppData\Roaming\npm\node_modules\npm\node_modules\iferr\index.js:13:50
25 silly fetchPackageMetaData     at C:\Users\teggn\AppData\Roaming\npm\node_modules\npm\lib\utils\pulse-till-done.js:19:8
25 silly fetchPackageMetaData     at saved (C:\Users\teggn\AppData\Roaming\npm\node_modules\npm\lib\cache\caching-client.js:168:7)
25 silly fetchPackageMetaData     at C:\Users\teggn\AppData\Roaming\npm\node_modules\npm\node_modules\graceful-fs\polyfills.js:210:7
25 silly fetchPackageMetaData     at FSReqWrap.oncomplete (fs.js:82:15)
25 silly fetchPackageMetaData  error for jquery@1.5.2 [Error: No compatible version found: jquery@1.5.2
25 silly fetchPackageMetaData Valid install targets:
25 silly fetchPackageMetaData 3.0.0-beta1, 3.0.0-alpha1, 2.2.1, 2.2.0, 2.1.4, 2.1.3, 2.1.2, 2.1.1, 2.1.1-rc2, 2.1.1-rc1, 2.1.1-beta1, 2.1.0, 2.1.0-rc1, 2.1.0-beta3, 2.1.0-beta2, 1.12.1, 1.12.0, 1.11.3, 1.11.2, 1.11.1, 1.11.1-rc2, 1.11.1-rc1, 1.11.1-beta1, 1.11.0, 1.11.0-rc1, 1.11.0-beta3, 1.9.1, 1.8.3, 1.8.2, 1.7.3, 1.7.2, 1.6.3, 1.6.2, 1.5.1
25 silly fetchPackageMetaData ]
26 silly rollbackFailedOptional Starting
27 silly rollbackFailedOptional Finishing
28 silly runTopLevelLifecycles Starting
29 silly runTopLevelLifecycles Finishing
30 silly install printInstalled
31 verbose stack Error: No compatible version found: jquery@1.5.2
31 verbose stack Valid install targets:
31 verbose stack 3.0.0-beta1, 3.0.0-alpha1, 2.2.1, 2.2.0, 2.1.4, 2.1.3, 2.1.2, 2.1.1, 2.1.1-rc2, 2.1.1-rc1, 2.1.1-beta1, 2.1.0, 2.1.0-rc1, 2.1.0-beta3, 2.1.0-beta2, 1.12.1, 1.12.0, 1.11.3, 1.11.2, 1.11.1, 1.11.1-rc2, 1.11.1-rc1, 1.11.1-beta1, 1.11.0, 1.11.0-rc1, 1.11.0-beta3, 1.9.1, 1.8.3, 1.8.2, 1.7.3, 1.7.2, 1.6.3, 1.6.2, 1.5.1
31 verbose stack
31 verbose stack     at pickVersionFromRegistryDocument (C:\Users\teggn\AppData\Roaming\npm\node_modules\npm\lib\fetch-package-metadata.js:156:16)
31 verbose stack     at C:\Users\teggn\AppData\Roaming\npm\node_modules\npm\node_modules\iferr\index.js:13:50
31 verbose stack     at C:\Users\teggn\AppData\Roaming\npm\node_modules\npm\lib\utils\pulse-till-done.js:19:8
31 verbose stack     at saved (C:\Users\teggn\AppData\Roaming\npm\node_modules\npm\lib\cache\caching-client.js:168:7)
31 verbose stack     at C:\Users\teggn\AppData\Roaming\npm\node_modules\npm\node_modules\graceful-fs\polyfills.js:210:7
31 verbose stack     at FSReqWrap.oncomplete (fs.js:82:15)
32 verbose cwd d:\dev\adec\exoedit
33 error Windows_NT 10.0.10586
34 error argv "C:\\Program Files\\nodejs\\node.exe" "C:\\Users\\teggn\\AppData\\Roaming\\npm\\node_modules\\npm\\bin\\npm-cli.js" "install" "jquery@1.5.2"
35 error node v5.1.0
36 error npm  v3.7.1
37 error No compatible version found: jquery@1.5.2
37 error Valid install targets:
37 error 3.0.0-beta1, 3.0.0-alpha1, 2.2.1, 2.2.0, 2.1.4, 2.1.3, 2.1.2, 2.1.1, 2.1.1-rc2, 2.1.1-rc1, 2.1.1-beta1, 2.1.0, 2.1.0-rc1, 2.1.0-beta3, 2.1.0-beta2, 1.12.1, 1.12.0, 1.11.3, 1.11.2, 1.11.1, 1.11.1-rc2, 1.11.1-rc1, 1.11.1-beta1, 1.11.0, 1.11.0-rc1, 1.11.0-beta3, 1.9.1, 1.8.3, 1.8.2, 1.7.3, 1.7.2, 1.6.3, 1.6.2, 1.5.1
38 error If you need help, you may report this error at:
38 error     <https://github.com/npm/npm/issues>
39 verbose exit [ 1, true ]
